{"flbenchmark": "start", "timestamp": 1680883383.2518396, "agent_type": "aggregator"}
{"event": "training", "action": "start", "timestamp": 1680883383.252074, "metrics": {}}
{"event": "training.0", "action": "start", "timestamp": 1680883383.2520833, "metrics": {}}
{"event": "communication.-1.0", "action": "start", "timestamp": 1680883386.3710737, "metrics": {}}
{"event": "communication.-1.0", "action": "end", "timestamp": 1680883386.3710842, "metrics": {"byte": 26712}}
{"event": "communication.-1.1", "action": "start", "timestamp": 1680883386.3710902, "metrics": {}}
{"event": "communication.-1.1", "action": "end", "timestamp": 1680883386.3710933, "metrics": {"byte": 26640}}
{"event": "training.0", "action": "end", "timestamp": 1680883386.3710957, "metrics": {"client_num": 2}}
{"event": "training.1", "action": "start", "timestamp": 1680883386.3711054, "metrics": {}}
{"event": "communication.-1.2", "action": "start", "timestamp": 1680883387.5545042, "metrics": {}}
{"event": "communication.-1.2", "action": "end", "timestamp": 1680883387.554518, "metrics": {"byte": 26712}}
{"event": "communication.-1.3", "action": "start", "timestamp": 1680883387.5545273, "metrics": {}}
{"event": "communication.-1.3", "action": "end", "timestamp": 1680883387.5545313, "metrics": {"byte": 26640}}
{"event": "training.1", "action": "end", "timestamp": 1680883387.5545347, "metrics": {"client_num": 2}}
{"event": "training.2", "action": "start", "timestamp": 1680883387.5545485, "metrics": {}}
{"event": "communication.-1.4", "action": "start", "timestamp": 1680883388.5065017, "metrics": {}}
{"event": "communication.-1.4", "action": "end", "timestamp": 1680883388.5065165, "metrics": {"byte": 26712}}
{"event": "communication.-1.5", "action": "start", "timestamp": 1680883388.5065262, "metrics": {}}
{"event": "communication.-1.5", "action": "end", "timestamp": 1680883388.506531, "metrics": {"byte": 26640}}
{"event": "training.2", "action": "end", "timestamp": 1680883388.506535, "metrics": {"client_num": 2}}
{"event": "training.3", "action": "start", "timestamp": 1680883388.506549, "metrics": {}}
{"event": "communication.-1.6", "action": "start", "timestamp": 1680883389.4087913, "metrics": {}}
{"event": "communication.-1.6", "action": "end", "timestamp": 1680883389.4088063, "metrics": {"byte": 26712}}
{"event": "communication.-1.7", "action": "start", "timestamp": 1680883389.4088154, "metrics": {}}
{"event": "communication.-1.7", "action": "end", "timestamp": 1680883389.4088194, "metrics": {"byte": 26640}}
{"event": "training.3", "action": "end", "timestamp": 1680883389.408823, "metrics": {"client_num": 2}}
{"event": "training.4", "action": "start", "timestamp": 1680883389.4088368, "metrics": {}}
{"event": "communication.-1.8", "action": "start", "timestamp": 1680883390.2857022, "metrics": {}}
{"event": "communication.-1.8", "action": "end", "timestamp": 1680883390.2857108, "metrics": {"byte": 26712}}
{"event": "communication.-1.9", "action": "start", "timestamp": 1680883390.2857146, "metrics": {}}
{"event": "communication.-1.9", "action": "end", "timestamp": 1680883390.2857163, "metrics": {"byte": 26640}}
{"event": "training.4", "action": "end", "timestamp": 1680883390.2857175, "metrics": {"client_num": 2}}
{"event": "training.5", "action": "start", "timestamp": 1680883390.2857249, "metrics": {}}
{"event": "communication.-1.10", "action": "start", "timestamp": 1680883391.214003, "metrics": {}}
{"event": "communication.-1.10", "action": "end", "timestamp": 1680883391.2140174, "metrics": {"byte": 26712}}
{"event": "communication.-1.11", "action": "start", "timestamp": 1680883391.2140257, "metrics": {}}
{"event": "communication.-1.11", "action": "end", "timestamp": 1680883391.2140298, "metrics": {"byte": 26640}}
{"event": "training.5", "action": "end", "timestamp": 1680883391.2140326, "metrics": {"client_num": 2}}
{"event": "training.6", "action": "start", "timestamp": 1680883391.2140465, "metrics": {}}
{"event": "communication.-1.12", "action": "start", "timestamp": 1680883392.1581728, "metrics": {}}
{"event": "communication.-1.12", "action": "end", "timestamp": 1680883392.158187, "metrics": {"byte": 26712}}
{"event": "communication.-1.13", "action": "start", "timestamp": 1680883392.1581953, "metrics": {}}
{"event": "communication.-1.13", "action": "end", "timestamp": 1680883392.1581995, "metrics": {"byte": 26640}}
{"event": "training.6", "action": "end", "timestamp": 1680883392.158203, "metrics": {"client_num": 2}}
{"event": "training.7", "action": "start", "timestamp": 1680883392.1582165, "metrics": {}}
{"event": "communication.-1.14", "action": "start", "timestamp": 1680883393.2299361, "metrics": {}}
{"event": "communication.-1.14", "action": "end", "timestamp": 1680883393.2299476, "metrics": {"byte": 26712}}
{"event": "communication.-1.15", "action": "start", "timestamp": 1680883393.2299535, "metrics": {}}
{"event": "communication.-1.15", "action": "end", "timestamp": 1680883393.2299562, "metrics": {"byte": 26640}}
{"event": "training.7", "action": "end", "timestamp": 1680883393.229959, "metrics": {"client_num": 2}}
{"event": "training.8", "action": "start", "timestamp": 1680883393.2299693, "metrics": {}}
{"event": "communication.-1.16", "action": "start", "timestamp": 1680883394.3188684, "metrics": {}}
{"event": "communication.-1.16", "action": "end", "timestamp": 1680883394.3188813, "metrics": {"byte": 26712}}
{"event": "communication.-1.17", "action": "start", "timestamp": 1680883394.3188884, "metrics": {}}
{"event": "communication.-1.17", "action": "end", "timestamp": 1680883394.3188925, "metrics": {"byte": 26640}}
{"event": "training.8", "action": "end", "timestamp": 1680883394.3188956, "metrics": {"client_num": 2}}
{"event": "training.9", "action": "start", "timestamp": 1680883394.3189082, "metrics": {}}
{"event": "communication.-1.18", "action": "start", "timestamp": 1680883395.1966717, "metrics": {}}
{"event": "communication.-1.18", "action": "end", "timestamp": 1680883395.1966853, "metrics": {"byte": 26712}}
{"event": "communication.-1.19", "action": "start", "timestamp": 1680883395.1966927, "metrics": {}}
{"event": "communication.-1.19", "action": "end", "timestamp": 1680883395.1966958, "metrics": {"byte": 26640}}
{"event": "training.9", "action": "end", "timestamp": 1680883395.1966984, "metrics": {"client_num": 2}}
{"event": "training.10", "action": "start", "timestamp": 1680883395.1967103, "metrics": {}}
{"event": "communication.-1.20", "action": "start", "timestamp": 1680883396.0989468, "metrics": {}}
{"event": "communication.-1.20", "action": "end", "timestamp": 1680883396.0989618, "metrics": {"byte": 26712}}
{"event": "communication.-1.21", "action": "start", "timestamp": 1680883396.0999985, "metrics": {}}
{"event": "communication.-1.21", "action": "end", "timestamp": 1680883396.1000078, "metrics": {"byte": 26640}}
{"event": "training.10", "action": "end", "timestamp": 1680883396.1000118, "metrics": {"client_num": 2}}
{"event": "training.11", "action": "start", "timestamp": 1680883396.100024, "metrics": {}}
{"event": "communication.-1.22", "action": "start", "timestamp": 1680883397.1767108, "metrics": {}}
{"event": "communication.-1.22", "action": "end", "timestamp": 1680883397.1767223, "metrics": {"byte": 26712}}
{"event": "communication.-1.23", "action": "start", "timestamp": 1680883397.1767268, "metrics": {}}
{"event": "communication.-1.23", "action": "end", "timestamp": 1680883397.1767287, "metrics": {"byte": 26640}}
{"event": "training.11", "action": "end", "timestamp": 1680883397.1767304, "metrics": {"client_num": 2}}
{"event": "training.12", "action": "start", "timestamp": 1680883397.176739, "metrics": {}}
{"event": "communication.-1.24", "action": "start", "timestamp": 1680883398.2027562, "metrics": {}}
{"event": "communication.-1.24", "action": "end", "timestamp": 1680883398.2027714, "metrics": {"byte": 26712}}
{"event": "communication.-1.25", "action": "start", "timestamp": 1680883398.2027807, "metrics": {}}
{"event": "communication.-1.25", "action": "end", "timestamp": 1680883398.2027848, "metrics": {"byte": 26640}}
{"event": "training.12", "action": "end", "timestamp": 1680883398.2027884, "metrics": {"client_num": 2}}
{"event": "training.13", "action": "start", "timestamp": 1680883398.2028024, "metrics": {}}
{"event": "communication.-1.26", "action": "start", "timestamp": 1680883399.2262402, "metrics": {}}
{"event": "communication.-1.26", "action": "end", "timestamp": 1680883399.2262535, "metrics": {"byte": 26712}}
{"event": "communication.-1.27", "action": "start", "timestamp": 1680883399.2262604, "metrics": {}}
{"event": "communication.-1.27", "action": "end", "timestamp": 1680883399.2262633, "metrics": {"byte": 26640}}
{"event": "training.13", "action": "end", "timestamp": 1680883399.2262657, "metrics": {"client_num": 2}}
{"event": "training.14", "action": "start", "timestamp": 1680883399.2262769, "metrics": {}}
{"event": "communication.-1.28", "action": "start", "timestamp": 1680883400.3080332, "metrics": {}}
{"event": "communication.-1.28", "action": "end", "timestamp": 1680883400.3080437, "metrics": {"byte": 26712}}
{"event": "communication.-1.29", "action": "start", "timestamp": 1680883400.308048, "metrics": {}}
{"event": "communication.-1.29", "action": "end", "timestamp": 1680883400.30805, "metrics": {"byte": 26640}}
{"event": "training.14", "action": "end", "timestamp": 1680883400.3080513, "metrics": {"client_num": 2}}
{"event": "training.15", "action": "start", "timestamp": 1680883400.3080604, "metrics": {}}
{"event": "communication.-1.30", "action": "start", "timestamp": 1680883401.241109, "metrics": {}}
{"event": "communication.-1.30", "action": "end", "timestamp": 1680883401.2411208, "metrics": {"byte": 26712}}
{"event": "communication.-1.31", "action": "start", "timestamp": 1680883401.241126, "metrics": {}}
{"event": "communication.-1.31", "action": "end", "timestamp": 1680883401.2411282, "metrics": {"byte": 26640}}
{"event": "training.15", "action": "end", "timestamp": 1680883401.2411304, "metrics": {"client_num": 2}}
{"event": "training.16", "action": "start", "timestamp": 1680883401.2411408, "metrics": {}}
{"event": "communication.-1.32", "action": "start", "timestamp": 1680883402.1771011, "metrics": {}}
{"event": "communication.-1.32", "action": "end", "timestamp": 1680883402.177112, "metrics": {"byte": 26712}}
{"event": "communication.-1.33", "action": "start", "timestamp": 1680883402.177117, "metrics": {}}
{"event": "communication.-1.33", "action": "end", "timestamp": 1680883402.1771193, "metrics": {"byte": 26640}}
{"event": "training.16", "action": "end", "timestamp": 1680883402.1771219, "metrics": {"client_num": 2}}
{"event": "training.17", "action": "start", "timestamp": 1680883402.1771312, "metrics": {}}
{"event": "communication.-1.34", "action": "start", "timestamp": 1680883403.2048273, "metrics": {}}
{"event": "communication.-1.34", "action": "end", "timestamp": 1680883403.204839, "metrics": {"byte": 26712}}
{"event": "communication.-1.35", "action": "start", "timestamp": 1680883403.204845, "metrics": {}}
{"event": "communication.-1.35", "action": "end", "timestamp": 1680883403.2048478, "metrics": {"byte": 26640}}
{"event": "training.17", "action": "end", "timestamp": 1680883403.2048502, "metrics": {"client_num": 2}}
{"event": "training.18", "action": "start", "timestamp": 1680883403.2048619, "metrics": {}}
{"event": "communication.-1.36", "action": "start", "timestamp": 1680883404.1724887, "metrics": {}}
{"event": "communication.-1.36", "action": "end", "timestamp": 1680883404.1725001, "metrics": {"byte": 26712}}
{"event": "communication.-1.37", "action": "start", "timestamp": 1680883404.172506, "metrics": {}}
{"event": "communication.-1.37", "action": "end", "timestamp": 1680883404.1725087, "metrics": {"byte": 26640}}
{"event": "training.18", "action": "end", "timestamp": 1680883404.1725109, "metrics": {"client_num": 2}}
{"event": "training.19", "action": "start", "timestamp": 1680883404.1725216, "metrics": {}}
{"event": "communication.-1.38", "action": "start", "timestamp": 1680883405.2211566, "metrics": {}}
{"event": "communication.-1.38", "action": "end", "timestamp": 1680883405.2211752, "metrics": {"byte": 26712}}
{"event": "communication.-1.39", "action": "start", "timestamp": 1680883405.2211862, "metrics": {}}
{"event": "communication.-1.39", "action": "end", "timestamp": 1680883405.2211905, "metrics": {"byte": 26640}}
{"event": "training.19", "action": "end", "timestamp": 1680883405.2211943, "metrics": {"client_num": 2}}
{"event": "training.20", "action": "start", "timestamp": 1680883405.2212086, "metrics": {}}
{"event": "communication.-1.40", "action": "start", "timestamp": 1680883406.1341243, "metrics": {}}
{"event": "communication.-1.40", "action": "end", "timestamp": 1680883406.1341345, "metrics": {"byte": 26712}}
{"event": "communication.-1.41", "action": "start", "timestamp": 1680883406.1341379, "metrics": {}}
{"event": "communication.-1.41", "action": "end", "timestamp": 1680883406.134139, "metrics": {"byte": 26640}}
{"event": "training.20", "action": "end", "timestamp": 1680883406.1341405, "metrics": {"client_num": 2}}
{"event": "training.21", "action": "start", "timestamp": 1680883406.1341481, "metrics": {}}
{"event": "communication.-1.42", "action": "start", "timestamp": 1680883407.1569936, "metrics": {}}
{"event": "communication.-1.42", "action": "end", "timestamp": 1680883407.1570044, "metrics": {"byte": 26712}}
{"event": "communication.-1.43", "action": "start", "timestamp": 1680883407.1574924, "metrics": {}}
{"event": "communication.-1.43", "action": "end", "timestamp": 1680883407.1574996, "metrics": {"byte": 26640}}
{"event": "training.21", "action": "end", "timestamp": 1680883407.1575024, "metrics": {"client_num": 2}}
{"event": "training.22", "action": "start", "timestamp": 1680883407.1575153, "metrics": {}}
{"event": "communication.-1.44", "action": "start", "timestamp": 1680883408.2175887, "metrics": {}}
{"event": "communication.-1.44", "action": "end", "timestamp": 1680883408.217606, "metrics": {"byte": 26712}}
{"event": "communication.-1.45", "action": "start", "timestamp": 1680883408.2176168, "metrics": {}}
{"event": "communication.-1.45", "action": "end", "timestamp": 1680883408.2176318, "metrics": {"byte": 26640}}
{"event": "training.22", "action": "end", "timestamp": 1680883408.2176356, "metrics": {"client_num": 2}}
{"event": "training.23", "action": "start", "timestamp": 1680883408.2176511, "metrics": {}}
{"event": "communication.-1.46", "action": "start", "timestamp": 1680883409.252938, "metrics": {}}
{"event": "communication.-1.46", "action": "end", "timestamp": 1680883409.2529469, "metrics": {"byte": 26712}}
{"event": "communication.-1.47", "action": "start", "timestamp": 1680883409.2529511, "metrics": {}}
{"event": "communication.-1.47", "action": "end", "timestamp": 1680883409.2529526, "metrics": {"byte": 26640}}
{"event": "training.23", "action": "end", "timestamp": 1680883409.2529538, "metrics": {"client_num": 2}}
{"event": "training.24", "action": "start", "timestamp": 1680883409.2529619, "metrics": {}}
{"event": "communication.-1.48", "action": "start", "timestamp": 1680883410.2310202, "metrics": {}}
{"event": "communication.-1.48", "action": "end", "timestamp": 1680883410.2310357, "metrics": {"byte": 26712}}
{"event": "communication.-1.49", "action": "start", "timestamp": 1680883410.2310462, "metrics": {}}
{"event": "communication.-1.49", "action": "end", "timestamp": 1680883410.2310505, "metrics": {"byte": 26640}}
{"event": "training.24", "action": "end", "timestamp": 1680883410.231054, "metrics": {"client_num": 2}}
{"event": "training.25", "action": "start", "timestamp": 1680883410.231068, "metrics": {}}
{"event": "communication.-1.50", "action": "start", "timestamp": 1680883411.2645543, "metrics": {}}
{"event": "communication.-1.50", "action": "end", "timestamp": 1680883411.264566, "metrics": {"byte": 26712}}
{"event": "communication.-1.51", "action": "start", "timestamp": 1680883411.264571, "metrics": {}}
{"event": "communication.-1.51", "action": "end", "timestamp": 1680883411.264573, "metrics": {"byte": 26640}}
{"event": "training.25", "action": "end", "timestamp": 1680883411.2645752, "metrics": {"client_num": 2}}
{"event": "training.26", "action": "start", "timestamp": 1680883411.2645862, "metrics": {}}
{"event": "communication.-1.52", "action": "start", "timestamp": 1680883412.1936257, "metrics": {}}
{"event": "communication.-1.52", "action": "end", "timestamp": 1680883412.1936386, "metrics": {"byte": 26712}}
{"event": "communication.-1.53", "action": "start", "timestamp": 1680883412.1936457, "metrics": {}}
{"event": "communication.-1.53", "action": "end", "timestamp": 1680883412.1936483, "metrics": {"byte": 26640}}
{"event": "training.26", "action": "end", "timestamp": 1680883412.193651, "metrics": {"client_num": 2}}
{"event": "training.27", "action": "start", "timestamp": 1680883412.1936622, "metrics": {}}
{"event": "communication.-1.54", "action": "start", "timestamp": 1680883413.089614, "metrics": {}}
{"event": "communication.-1.54", "action": "end", "timestamp": 1680883413.0896237, "metrics": {"byte": 26712}}
{"event": "communication.-1.55", "action": "start", "timestamp": 1680883413.0896292, "metrics": {}}
{"event": "communication.-1.55", "action": "end", "timestamp": 1680883413.0896316, "metrics": {"byte": 26640}}
{"event": "training.27", "action": "end", "timestamp": 1680883413.0896335, "metrics": {"client_num": 2}}
{"event": "training.28", "action": "start", "timestamp": 1680883413.089643, "metrics": {}}
{"event": "communication.-1.56", "action": "start", "timestamp": 1680883414.0552197, "metrics": {}}
{"event": "communication.-1.56", "action": "end", "timestamp": 1680883414.0552351, "metrics": {"byte": 26712}}
{"event": "communication.-1.57", "action": "start", "timestamp": 1680883414.0552442, "metrics": {}}
{"event": "communication.-1.57", "action": "end", "timestamp": 1680883414.0552478, "metrics": {"byte": 26640}}
{"event": "training.28", "action": "end", "timestamp": 1680883414.055251, "metrics": {"client_num": 2}}
{"event": "training.29", "action": "start", "timestamp": 1680883414.0552642, "metrics": {}}
{"event": "communication.-1.58", "action": "start", "timestamp": 1680883414.9869058, "metrics": {}}
{"event": "communication.-1.58", "action": "end", "timestamp": 1680883414.9869235, "metrics": {"byte": 26712}}
{"event": "communication.-1.59", "action": "start", "timestamp": 1680883414.9869344, "metrics": {}}
{"event": "communication.-1.59", "action": "end", "timestamp": 1680883414.9869392, "metrics": {"byte": 26640}}
{"event": "training.29", "action": "end", "timestamp": 1680883414.986943, "metrics": {"client_num": 2}}
{"event": "training", "action": "end", "timestamp": 1680883415.0573506, "metrics": {}}
{"event": "model_evaluation", "action": "start", "timestamp": 1680883415.05736, "metrics": {}}
{"event": "model_evaluation", "action": "end", "timestamp": 1680883415.9316995, "metrics": {"auc": 0.7625586697150518}}
{"flbenchmark": "end", "timestamp": 1680883415.9317076}
